<?xml version="1.0" encoding="UTF-8"?>
<testng-results ignored="0" total="4" passed="3" failed="1" skipped="0">
  <reporter-output>
  </reporter-output>
  <suite started-at="2019-08-19T07:20:55Z" name="TestSuite" finished-at="2019-08-19T07:21:57Z" duration-ms="62342">
    <groups>
    </groups>
    <test started-at="2019-08-19T07:20:55Z" name="Validate Login" finished-at="2019-08-19T07:21:20Z" duration-ms="25697">
      <class name="Academy.ValidateLogin">
        <test-method is-config="true" signature="initializeD()[pri:0, instance:Academy.ValidateLogin@11dc3715]" started-at="2019-08-19T07:20:55Z" name="initializeD" finished-at="2019-08-19T07:20:58Z" duration-ms="3370" status="PASS">
          <reporter-output>
          </reporter-output>
        </test-method> <!-- initializeD -->
        <test-method signature="basePageNavigation(java.lang.String, java.lang.String, java.lang.String, java.lang.String)[pri:0, instance:Academy.ValidateLogin@11dc3715]" started-at="2019-08-19T07:20:58Z" name="basePageNavigation" data-provider="getData" finished-at="2019-08-19T07:21:13Z" duration-ms="15181" status="PASS">
          <params>
            <param index="0">
              <value>
                <![CDATA[RestrictedUser@gc.co]]>
              </value>
            </param>
            <param index="1">
              <value>
                <![CDATA[1234142]]>
              </value>
            </param>
            <param index="2">
              <value>
                <![CDATA[Restricted User]]>
              </value>
            </param>
            <param index="3">
              <value>
                <![CDATA[http://www.qaclickacademy.com]]>
              </value>
            </param>
          </params>
          <reporter-output>
          </reporter-output>
        </test-method> <!-- basePageNavigation -->
        <test-method signature="basePageNavigation(java.lang.String, java.lang.String, java.lang.String, java.lang.String)[pri:0, instance:Academy.ValidateLogin@11dc3715]" started-at="2019-08-19T07:21:13Z" name="basePageNavigation" data-provider="getData" finished-at="2019-08-19T07:21:20Z" duration-ms="6226" status="PASS">
          <params>
            <param index="0">
              <value>
                <![CDATA[Non-RestrictedUser@cs.com]]>
              </value>
            </param>
            <param index="1">
              <value>
                <![CDATA[54321]]>
              </value>
            </param>
            <param index="2">
              <value>
                <![CDATA[Non-Restricted User]]>
              </value>
            </param>
            <param index="3">
              <value>
                <![CDATA[http://www.qaclickacademy.com]]>
              </value>
            </param>
          </params>
          <reporter-output>
          </reporter-output>
        </test-method> <!-- basePageNavigation -->
        <test-method is-config="true" signature="driverClose()[pri:0, instance:Academy.ValidateLogin@11dc3715]" started-at="2019-08-19T07:21:20Z" name="driverClose" finished-at="2019-08-19T07:21:20Z" duration-ms="877" status="PASS">
          <reporter-output>
          </reporter-output>
        </test-method> <!-- driverClose -->
      </class> <!-- Academy.ValidateLogin -->
    </test> <!-- Validate Login -->
    <test started-at="2019-08-19T07:21:21Z" name="Validate Contact Navigation" finished-at="2019-08-19T07:21:39Z" duration-ms="18280">
      <class name="Academy.ValidateNavContactsTest">
        <test-method is-config="true" signature="initializeD()[pri:0, instance:Academy.ValidateNavContactsTest@43ee72e6]" started-at="2019-08-19T07:21:21Z" name="initializeD" finished-at="2019-08-19T07:21:38Z" duration-ms="17976" status="PASS">
          <reporter-output>
          </reporter-output>
        </test-method> <!-- initializeD -->
        <test-method signature="validateNavBarContacts()[pri:0, instance:Academy.ValidateNavContactsTest@43ee72e6]" started-at="2019-08-19T07:21:38Z" name="validateNavBarContacts" finished-at="2019-08-19T07:21:39Z" duration-ms="103" status="PASS">
          <reporter-output>
          </reporter-output>
        </test-method> <!-- validateNavBarContacts -->
        <test-method is-config="true" signature="driverClose()[pri:0, instance:Academy.ValidateNavContactsTest@43ee72e6]" started-at="2019-08-19T07:21:39Z" name="driverClose" finished-at="2019-08-19T07:21:39Z" duration-ms="197" status="PASS">
          <reporter-output>
          </reporter-output>
        </test-method> <!-- driverClose -->
      </class> <!-- Academy.ValidateNavContactsTest -->
    </test> <!-- Validate Contact Navigation -->
    <test started-at="2019-08-19T07:21:39Z" name="Validate Title" finished-at="2019-08-19T07:21:57Z" duration-ms="18214">
      <class name="Academy.ValidateFeatureTitleTest">
        <test-method is-config="true" signature="initializeD()[pri:0, instance:Academy.ValidateFeatureTitleTest@38c5cc4c]" started-at="2019-08-19T07:21:39Z" name="initializeD" finished-at="2019-08-19T07:21:56Z" duration-ms="17374" status="PASS">
          <reporter-output>
          </reporter-output>
        </test-method> <!-- initializeD -->
        <test-method signature="validateTitle()[pri:0, instance:Academy.ValidateFeatureTitleTest@38c5cc4c]" started-at="2019-08-19T07:21:56Z" name="validateTitle" finished-at="2019-08-19T07:21:56Z" duration-ms="61" status="FAIL">
          <exception class="java.lang.AssertionError">
            <message>
              <![CDATA[expected [FEATURED COURSES123] but found [FEATURED COURSES]]]>
            </message>
            <full-stacktrace>
              <![CDATA[java.lang.AssertionError: expected [FEATURED COURSES123] but found [FEATURED COURSES]
at org.testng.Assert.fail(Assert.java:96)
at org.testng.Assert.failNotEquals(Assert.java:776)
at org.testng.Assert.assertEqualsImpl(Assert.java:137)
at org.testng.Assert.assertEquals(Assert.java:118)
at org.testng.Assert.assertEquals(Assert.java:453)
at org.testng.Assert.assertEquals(Assert.java:463)
at Academy.ValidateFeatureTitleTest.validateTitle(ValidateFeatureTitleTest.java:30)
at java.base/jdk.internal.reflect.NativeMethodAccessorImpl.invoke0(Native Method)
at java.base/jdk.internal.reflect.NativeMethodAccessorImpl.invoke(NativeMethodAccessorImpl.java:62)
at java.base/jdk.internal.reflect.DelegatingMethodAccessorImpl.invoke(DelegatingMethodAccessorImpl.java:43)
at java.base/java.lang.reflect.Method.invoke(Method.java:567)
at org.testng.internal.MethodInvocationHelper.invokeMethod(MethodInvocationHelper.java:124)
at org.testng.internal.Invoker.invokeMethod(Invoker.java:583)
at org.testng.internal.Invoker.invokeTestMethod(Invoker.java:719)
at org.testng.internal.Invoker.invokeTestMethods(Invoker.java:989)
at org.testng.internal.TestMethodWorker.invokeTestMethods(TestMethodWorker.java:125)
at org.testng.internal.TestMethodWorker.run(TestMethodWorker.java:109)
at org.testng.TestRunner.privateRun(TestRunner.java:648)
at org.testng.TestRunner.run(TestRunner.java:505)
at org.testng.SuiteRunner.runTest(SuiteRunner.java:455)
at org.testng.SuiteRunner.runSequentially(SuiteRunner.java:450)
at org.testng.SuiteRunner.privateRun(SuiteRunner.java:415)
at org.testng.SuiteRunner.run(SuiteRunner.java:364)
at org.testng.SuiteRunnerWorker.runSuite(SuiteRunnerWorker.java:52)
at org.testng.SuiteRunnerWorker.run(SuiteRunnerWorker.java:84)
at org.testng.TestNG.runSuitesSequentially(TestNG.java:1208)
at org.testng.TestNG.runSuitesLocally(TestNG.java:1137)
at org.testng.TestNG.runSuites(TestNG.java:1049)
at org.testng.TestNG.run(TestNG.java:1017)
at org.testng.remote.AbstractRemoteTestNG.run(AbstractRemoteTestNG.java:115)
at org.testng.remote.RemoteTestNG.initAndRun(RemoteTestNG.java:251)
at org.testng.remote.RemoteTestNG.main(RemoteTestNG.java:77)
]]>
            </full-stacktrace>
          </exception> <!-- java.lang.AssertionError -->
          <reporter-output>
          </reporter-output>
        </test-method> <!-- validateTitle -->
        <test-method is-config="true" signature="driverClose()[pri:0, instance:Academy.ValidateFeatureTitleTest@38c5cc4c]" started-at="2019-08-19T07:21:57Z" name="driverClose" finished-at="2019-08-19T07:21:57Z" duration-ms="177" status="PASS">
          <reporter-output>
          </reporter-output>
        </test-method> <!-- driverClose -->
      </class> <!-- Academy.ValidateFeatureTitleTest -->
    </test> <!-- Validate Title -->
  </suite> <!-- TestSuite -->
</testng-results>
