<?xml version="1.0" encoding="UTF-8"?>
<!-- Generated by org.testng.reporters.JUnitXMLReporter -->
<testsuite ignored="0" hostname="Necr0n" failures="1" tests="1" name="Validate Title" time="18.214" errors="0" timestamp="19 Aug 2019 07:21:57 GMT">
  <testcase classname="Academy.ValidateFeatureTitleTest" name="validateTitle" time="0.061">
    <failure type="java.lang.AssertionError" message="expected [FEATURED COURSES123] but found [FEATURED COURSES]">
      <![CDATA[java.lang.AssertionError: expected [FEATURED COURSES123] but found [FEATURED COURSES]
at Academy.ValidateFeatureTitleTest.validateTitle(ValidateFeatureTitleTest.java:30)
... Removed 31 stack frames]]>
    </failure>
  </testcase> <!-- validateTitle -->
</testsuite> <!-- Validate Title -->
